ISim log file
Running: C:\Users\VM\Documents\ISE\AES_Decryption_Final\tb_AES_dec_full_pipeline_in_isim_beh.exe -intstyle ise -gui -tclbatch isim.cmd -wdb C:/Users/VM/Documents/ISE/AES_Decryption_Final/tb_AES_dec_full_pipeline_in_isim_beh.wdb 
ISim P.20131013 (signature 0x7708f090)
This is a Full version of ISim.
Time resolution is 1 ps
# onerror resume
# wave add /
# run 1000 ns
Simulator is doing circuit initialization process.
Finished circuit initialization process.
Time:               590000 | Valid Encrypted Output: 00112233445566778899aabbccddeeff
Time:               610000 | Valid Encrypted Output: 00112233445566000099aabbccddeeff
Time:               630000 | Valid Encrypted Output: 66542233445566000099aabbccddeeff
Time:               650000 | Valid Encrypted Output: 00000000000000000000000000000000
Time:               670000 | Valid Encrypted Output: 11111111111111111111111111111111
Time:               690000 | Valid Encrypted Output: 10101010101010101010101010101010
Time:               710000 | Valid Encrypted Output: 01010101010101010101010101010101
Time:               730000 | Valid Encrypted Output: 05050505050505050505050505050505
Time:               750000 | Valid Encrypted Output: ffffffffffffffffffffffffffffffff
Time:               770000 | Valid Encrypted Output: 33333333333333333333333333333333
Time:               790000 | Valid Encrypted Output: cccccccccccccccccccccccccccccccc
Stopped at time : 990 ns : File "C:/Users/VM/Documents/ISE/AES_Decryption_Final/TB_dec.v" Line 162
