ISim log file
Running: C:\Users\VM\Documents\ISE\AES_Encryption_Final\tb_AES_enc_full_pipeline_in_isim_translate.exe -intstyle ise -gui -tclbatch isim.cmd -wdb C:/Users/VM/Documents/ISE/AES_Encryption_Final/tb_AES_enc_full_pipeline_in_isim_translate.wdb 
ISim P.20131013 (signature 0x7708f090)
This is a Full version of ISim.
Time resolution is 1 ps
# onerror resume
# wave add /
# run 1000 ns
Simulator is doing circuit initialization process.
Finished circuit initialization process.
Time:               610000 | Valid Encrypted Output: 69c4e0d86a7b0430d8cdb78070b4c55a
Time:               630000 | Valid Encrypted Output: 818e5127d2f7b75a1380bf3c70df47ed
Time:               650000 | Valid Encrypted Output: beb0796011fc79b11f2708f8ec037700
Time:               670000 | Valid Encrypted Output: c6a13b37878f5b826f4f8162a1c8d879
Time:               690000 | Valid Encrypted Output: 35d14e6d3e3a279cf01e343e34e7ded3
Time:               710000 | Valid Encrypted Output: 954f64f2e4e86e9eee82d20216684899
Time:               730000 | Valid Encrypted Output: c352805754237f311ac0fff4e3e03e78
Time:               750000 | Valid Encrypted Output: ea5e61ae8167caa0586388eb9a7cb755
Time:               770000 | Valid Encrypted Output: 3c441f32ce07822364d7a2990e50bb13
Time:               790000 | Valid Encrypted Output: aa7f07422bd898330d8bdb89d3099cde
Time:               810000 | Valid Encrypted Output: aeb05c6bb162066e45e078946db82c7f
Stopped at time : 990 ns : File "C:/Users/VM/Documents/ISE/AES_Encryption_Final/TB_enc.v" Line 154
